<?xml version="1.0" encoding="UTF-8"?>
<!-- Generated by org.testng.reporters.JUnitReportReporter -->
<testsuite hostname="LAPTOP-1T8NCPJC" failures="0" tests="3" name="Started_prac.TestNG_TC_002" time="0.006" errors="0" timestamp="23 Jun 2021 17:24:38 GMT" skipped="1">
  <testcase classname="Started_prac.TestNG_TC_002" name="test3" time="0.004"/>
  <testcase classname="Started_prac.TestNG_TC_002" name="test1" time="0.002"/>
  <testcase classname="Started_prac.TestNG_TC_002" name="test2">
    <skipped/>
  </testcase> <!-- test2 -->
</testsuite> <!-- Started_prac.TestNG_TC_002 -->
