<?xml version="1.0" encoding="UTF-8"?>
<!-- Generated by org.testng.reporters.JUnitReportReporter -->
<testsuite hostname="LAPTOP-1T8NCPJC" failures="0" tests="1" name="Started_prac.TestNG_TC_002" time="0.004" errors="0" timestamp="23 Jun 2021 16:29:26 GMT" skipped="0">
  <testcase classname="Started_prac.TestNG_TC_002" name="f" time="0.004"/>
</testsuite> <!-- Started_prac.TestNG_TC_002 -->
