<?xml version="1.0" encoding="UTF-8"?>
<!-- Generated by org.testng.reporters.JUnitReportReporter -->
<testsuite hostname="LAPTOP-1T8NCPJC" failures="0" tests="1" name="com.project.mvn.june.mvnJune.Tng_001" time="0.006" errors="0" timestamp="26 Jun 2021 10:01:34 GMT" skipped="0">
  <testcase classname="com.project.mvn.june.mvnJune.Tng_001" name="first" time="0.006"/>
</testsuite> <!-- com.project.mvn.june.mvnJune.Tng_001 -->
